c:\users\eminb.akdeniz\downloads\project1\project1\project1\x64\debug\vc143.pdb
c:\users\eminb.akdeniz\downloads\project1\project1\project1\x64\debug\vc143.idb
c:\users\cengiz han\desktop\project1\project1\project1\x64\debug\vc143.pdb
c:\users\cengiz han\desktop\project1\project1\project1\x64\debug\vc143.idb
c:\users\cengiz han\desktop\project1\project1\project1\x64\debug\main.obj
c:\users\cengiz han\desktop\project1\project1\project1\x64\debug\mesh.obj
c:\users\cengiz han\desktop\project1\project1\project1\x64\debug\camera.obj
c:\users\cengiz han\desktop\project1\project1\project1\x64\debug\window.obj
c:\users\cengiz han\desktop\project1\project1\project1\x64\debug\texture.obj
c:\users\cengiz han\desktop\project1\project1\project1\x64\debug\shader.obj
c:\users\cengiz han\desktop\project1\project1\project1\x64\debug\pointlight.obj
c:\users\cengiz han\desktop\project1\project1\project1\x64\debug\material.obj
c:\users\cengiz han\desktop\project1\project1\project1\x64\debug\light.obj
c:\users\cengiz han\desktop\project1\project1\project1\x64\debug\directionallight.obj
c:\users\cengiz han\desktop\project1\project1\project1\x64\debug\model.obj
c:\users\cengiz han\desktop\project1\project1\x64\debug\project1.exe
c:\users\cengiz han\desktop\project1\project1\project1\x64\debug\project1.ilk
c:\users\cengiz han\desktop\project1\project1\x64\debug\project1.pdb
c:\users\cengiz han\desktop\project1\project1\project1\x64\debug\shadowmap.obj
c:\users\cengiz han\desktop\project1\project1\project1\x64\debug\project1.tlog\cl.command.1.tlog
c:\users\cengiz han\desktop\project1\project1\project1\x64\debug\project1.tlog\cl.read.1.tlog
c:\users\cengiz han\desktop\project1\project1\project1\x64\debug\project1.tlog\cl.write.1.tlog
c:\users\cengiz han\desktop\project1\project1\project1\x64\debug\project1.tlog\link.command.1.tlog
c:\users\cengiz han\desktop\project1\project1\project1\x64\debug\project1.tlog\link.read.1.tlog
c:\users\cengiz han\desktop\project1\project1\project1\x64\debug\project1.tlog\link.write.1.tlog
