  Cleaning native Assimp libraries...
  Camera.cpp
  DirectionalLight.cpp
C:\Users\Cengiz Han\Desktop\Project1\Project1\Project1\DirectionalLight.cpp(22,14): warning C4244: 'bağımsız değişken': 'GLfloat' - 'GLint' dönüşümü; veri kaybı olabilir
C:\Users\Cengiz Han\Desktop\Project1\Project1\Project1\DirectionalLight.cpp(23,14): warning C4244: 'bağımsız değişken': 'GLfloat' - 'GLint' dönüşümü; veri kaybı olabilir
C:\Users\Cengiz Han\Desktop\Project1\Project1\Project1\DirectionalLight.cpp(24,14): warning C4244: 'bağımsız değişken': 'GLfloat' - 'GLint' dönüşümü; veri kaybı olabilir
C:\Users\Cengiz Han\Desktop\Project1\Project1\Project1\DirectionalLight.cpp(25,14): warning C4244: 'bağımsız değişken': 'GLfloat' - 'GLint' dönüşümü; veri kaybı olabilir
  Light.cpp
C:\Users\Cengiz Han\Desktop\Project1\Project1\Project1\Light.cpp(17,31): warning C4244: 'bağımsız değişken': 'GLfloat' - 'unsigned int' dönüşümü; veri kaybı olabilir
C:\Users\Cengiz Han\Desktop\Project1\Project1\Project1\Light.cpp(17,18): warning C4244: 'bağımsız değişken': 'GLfloat' - 'unsigned int' dönüşümü; veri kaybı olabilir
  main.cpp
C:\Users\Cengiz Han\Desktop\Project1\Project1\Project1\main.cpp(93,58): warning C4267: 'başlatılıyor': 'size_t' - 'unsigned int' dönüşümü; veri kaybı olabilir
C:\Users\Cengiz Han\Desktop\Project1\Project1\Project1\main.cpp(219): error C2102: '&' için lvalue gerekiyor
C:\Users\Cengiz Han\Desktop\Project1\Project1\Project1\main.cpp(248): error C2102: '&' için lvalue gerekiyor
C:\Users\Cengiz Han\Desktop\Project1\Project1\Project1\main.cpp(311,21): warning C4244: 'başlatılıyor': 'double' - 'GLfloat' dönüşümü; veri kaybı olabilir
  Material.cpp
  Mesh.cpp
  Model.cpp
C:\Users\Cengiz Han\Desktop\Project1\Project1\Project1\Model.cpp(18,10): warning C4477: 'printf' : '%s' biçim dizesi 'char *' türü bir bağımsız değişken gerektirir, ancak 1 değişen sayıda bağımsız değişkenin türü 'const std::string'
C:\Users\Cengiz Han\Desktop\Project1\Project1\Project1\Model.cpp(68,80): warning C4267: 'bağımsız değişken': 'size_t' - 'unsigned int' dönüşümü; veri kaybı olabilir
C:\Users\Cengiz Han\Desktop\Project1\Project1\Project1\Model.cpp(88,49): warning C4267: 'başlatılıyor': 'size_t' - 'int' dönüşümü; veri kaybı olabilir
C:\Users\Cengiz Han\Desktop\Project1\Project1\Project1\Model.cpp(97,13): warning C4477: 'printf' : '%s' biçim dizesi 'char *' türü bir bağımsız değişken gerektirir, ancak 1 değişen sayıda bağımsız değişkenin türü 'std::string'
C:\Users\Cengiz Han\Desktop\Project1\Project1\packages\Assimp.3.0.0\build\native\include\assimp\quaternion.inl(207,15): warning C4244: '=': 'double' - 'TReal' dönüşümü; veri kaybı olabilir
          with
          [
              TReal=float
          ]
C:\Users\Cengiz Han\Desktop\Project1\Project1\packages\Assimp.3.0.0\build\native\include\assimp\quaternion.inl(186): message : sınıf şablon üye işlevi 'void aiQuaterniont<float>::Interpolate(aiQuaterniont<float> &,const aiQuaterniont<float> &,const aiQuaterniont<float> &,TReal)' derlenirken
          with
          [
              TReal=float
          ]
C:\Users\Cengiz Han\Desktop\Project1\Project1\packages\Assimp.3.0.0\build\native\include\assimp\anim.h(435): message : derlenen şablon işlevi 'void aiQuaterniont<float>::Interpolate(aiQuaterniont<float> &,const aiQuaterniont<float> &,const aiQuaterniont<float> &,TReal)' örneği oluşturma başvurusuna bakın
          with
          [
              TReal=float
          ]
C:\Users\Cengiz Han\Desktop\Project1\Project1\packages\Assimp.3.0.0\build\native\include\assimp\anim.h(107): message : derlenen sınıf şablon örneği oluşturma 'aiQuaterniont<float>' başvurusuna bakın
C:\Users\Cengiz Han\Desktop\Project1\Project1\packages\Assimp.3.0.0\build\native\include\assimp\quaternion.inl(208,14): warning C4244: '=': 'double' - 'TReal' dönüşümü; veri kaybı olabilir
          with
          [
              TReal=float
          ]
C:\Users\Cengiz Han\Desktop\Project1\Project1\packages\Assimp.3.0.0\build\native\include\assimp\quaternion.inl(209,61): warning C4244: '=': 'double' - 'TReal' dönüşümü; veri kaybı olabilir
          with
          [
              TReal=float
          ]
C:\Users\Cengiz Han\Desktop\Project1\Project1\packages\Assimp.3.0.0\build\native\include\assimp\quaternion.inl(210,33): warning C4244: '=': 'double' - 'TReal' dönüşümü; veri kaybı olabilir
          with
          [
              TReal=float
          ]
C:\Users\Cengiz Han\Desktop\Project1\Project1\packages\Assimp.3.0.0\build\native\include\assimp\vector3.inl(93,13): warning C4244: 'return': 'double' - 'TReal' dönüşümü; veri kaybı olabilir
          with
          [
              TReal=float
          ]
C:\Users\Cengiz Han\Desktop\Project1\Project1\packages\Assimp.3.0.0\build\native\include\assimp\vector3.inl(92): message : sınıf şablon üye işlevi 'TReal aiVector3t<TReal>::Length(void) const' derlenirken
          with
          [
              TReal=float
          ]
C:\Users\Cengiz Han\Desktop\Project1\Project1\packages\Assimp.3.0.0\build\native\include\assimp\vector3.inl(98): message : derlenen şablon işlevi 'TReal aiVector3t<TReal>::Length(void) const' örneği oluşturma başvurusuna bakın
          with
          [
              TReal=float
          ]
C:\Users\Cengiz Han\Desktop\Project1\Project1\packages\Assimp.3.0.0\build\native\include\assimp\vector3.inl(142): message : sınıf şablon üye işlevi 'bool aiVector3t<float>::operator ==(const aiVector3t<float> &) const' derlenirken
C:\Users\Cengiz Han\Desktop\Project1\Project1\packages\Assimp.3.0.0\build\native\include\assimp\anim.h(82): message : derlenen şablon işlevi 'bool aiVector3t<float>::operator ==(const aiVector3t<float> &) const' örneği oluşturma başvurusuna bakın
C:\Users\Cengiz Han\Desktop\Project1\Project1\packages\Assimp.3.0.0\build\native\include\assimp\types.h(150): message : derlenen sınıf şablon örneği oluşturma 'aiVector3t<float>' başvurusuna bakın
  PointLight.cpp
C:\Users\Cengiz Han\Desktop\Project1\Project1\Project1\PointLight.cpp(28,14): warning C4244: 'bağımsız değişken': 'GLfloat' - 'GLint' dönüşümü; veri kaybı olabilir
C:\Users\Cengiz Han\Desktop\Project1\Project1\Project1\PointLight.cpp(29,14): warning C4244: 'bağımsız değişken': 'GLfloat' - 'GLint' dönüşümü; veri kaybı olabilir
C:\Users\Cengiz Han\Desktop\Project1\Project1\Project1\PointLight.cpp(30,14): warning C4244: 'bağımsız değişken': 'GLfloat' - 'GLint' dönüşümü; veri kaybı olabilir
C:\Users\Cengiz Han\Desktop\Project1\Project1\Project1\PointLight.cpp(32,14): warning C4244: 'bağımsız değişken': 'GLfloat' - 'GLint' dönüşümü; veri kaybı olabilir
C:\Users\Cengiz Han\Desktop\Project1\Project1\Project1\PointLight.cpp(33,14): warning C4244: 'bağımsız değişken': 'GLfloat' - 'GLint' dönüşümü; veri kaybı olabilir
C:\Users\Cengiz Han\Desktop\Project1\Project1\Project1\PointLight.cpp(34,14): warning C4244: 'bağımsız değişken': 'GLfloat' - 'GLint' dönüşümü; veri kaybı olabilir
C:\Users\Cengiz Han\Desktop\Project1\Project1\Project1\PointLight.cpp(35,14): warning C4244: 'bağımsız değişken': 'GLfloat' - 'GLint' dönüşümü; veri kaybı olabilir
  Shader.cpp
C:\Users\Cengiz Han\Desktop\Project1\Project1\Project1\Shader.cpp(99,38): warning C4477: 'snprintf' : '%d' biçim dizesi 'int' türü bir bağımsız değişken gerektirir, ancak 1 değişen sayıda bağımsız değişkenin türü 'size_t'
C:\Users\Cengiz Han\Desktop\Project1\Project1\Project1\Shader.cpp(99,38): message : biçim dizesinde '%zd' kullanmayı düşünün
C:\Users\Cengiz Han\Desktop\Project1\Project1\Project1\Shader.cpp(102,38): warning C4477: 'snprintf' : '%d' biçim dizesi 'int' türü bir bağımsız değişken gerektirir, ancak 1 değişen sayıda bağımsız değişkenin türü 'size_t'
C:\Users\Cengiz Han\Desktop\Project1\Project1\Project1\Shader.cpp(102,38): message : biçim dizesinde '%zd' kullanmayı düşünün
C:\Users\Cengiz Han\Desktop\Project1\Project1\Project1\Shader.cpp(105,38): warning C4477: 'snprintf' : '%d' biçim dizesi 'int' türü bir bağımsız değişken gerektirir, ancak 1 değişen sayıda bağımsız değişkenin türü 'size_t'
C:\Users\Cengiz Han\Desktop\Project1\Project1\Project1\Shader.cpp(105,38): message : biçim dizesinde '%zd' kullanmayı düşünün
C:\Users\Cengiz Han\Desktop\Project1\Project1\Project1\Shader.cpp(108,38): warning C4477: 'snprintf' : '%d' biçim dizesi 'int' türü bir bağımsız değişken gerektirir, ancak 1 değişen sayıda bağımsız değişkenin türü 'size_t'
C:\Users\Cengiz Han\Desktop\Project1\Project1\Project1\Shader.cpp(108,38): message : biçim dizesinde '%zd' kullanmayı düşünün
C:\Users\Cengiz Han\Desktop\Project1\Project1\Project1\Shader.cpp(111,38): warning C4477: 'snprintf' : '%d' biçim dizesi 'int' türü bir bağımsız değişken gerektirir, ancak 1 değişen sayıda bağımsız değişkenin türü 'size_t'
C:\Users\Cengiz Han\Desktop\Project1\Project1\Project1\Shader.cpp(111,38): message : biçim dizesinde '%zd' kullanmayı düşünün
C:\Users\Cengiz Han\Desktop\Project1\Project1\Project1\Shader.cpp(114,38): warning C4477: 'snprintf' : '%d' biçim dizesi 'int' türü bir bağımsız değişken gerektirir, ancak 1 değişen sayıda bağımsız değişkenin türü 'size_t'
C:\Users\Cengiz Han\Desktop\Project1\Project1\Project1\Shader.cpp(114,38): message : biçim dizesinde '%zd' kullanmayı düşünün
C:\Users\Cengiz Han\Desktop\Project1\Project1\Project1\Shader.cpp(117,38): warning C4477: 'snprintf' : '%d' biçim dizesi 'int' türü bir bağımsız değişken gerektirir, ancak 1 değişen sayıda bağımsız değişkenin türü 'size_t'
C:\Users\Cengiz Han\Desktop\Project1\Project1\Project1\Shader.cpp(117,38): message : biçim dizesinde '%zd' kullanmayı düşünün
C:\Users\Cengiz Han\Desktop\Project1\Project1\Project1\Shader.cpp(170,75): warning C4244: 'bağımsız değişken': 'GLuint' - 'GLfloat' dönüşümü; veri kaybı olabilir
C:\Users\Cengiz Han\Desktop\Project1\Project1\Project1\Shader.cpp(170,26): warning C4244: 'bağımsız değişken': 'GLuint' - 'GLfloat' dönüşümü; veri kaybı olabilir
C:\Users\Cengiz Han\Desktop\Project1\Project1\Project1\Shader.cpp(169,91): warning C4244: 'bağımsız değişken': 'GLuint' - 'GLfloat' dönüşümü; veri kaybı olabilir
C:\Users\Cengiz Han\Desktop\Project1\Project1\Project1\Shader.cpp(169,42): warning C4244: 'bağımsız değişken': 'GLuint' - 'GLfloat' dönüşümü; veri kaybı olabilir
C:\Users\Cengiz Han\Desktop\Project1\Project1\Project1\Shader.cpp(183,98): warning C4244: 'bağımsız değişken': 'GLuint' - 'GLfloat' dönüşümü; veri kaybı olabilir
C:\Users\Cengiz Han\Desktop\Project1\Project1\Project1\Shader.cpp(183,62): warning C4244: 'bağımsız değişken': 'GLuint' - 'GLfloat' dönüşümü; veri kaybı olabilir
C:\Users\Cengiz Han\Desktop\Project1\Project1\Project1\Shader.cpp(183,24): warning C4244: 'bağımsız değişken': 'GLuint' - 'GLfloat' dönüşümü; veri kaybı olabilir
C:\Users\Cengiz Han\Desktop\Project1\Project1\Project1\Shader.cpp(182,70): warning C4244: 'bağımsız değişken': 'GLuint' - 'GLfloat' dönüşümü; veri kaybı olabilir
C:\Users\Cengiz Han\Desktop\Project1\Project1\Project1\Shader.cpp(182,24): warning C4244: 'bağımsız değişken': 'GLuint' - 'GLfloat' dönüşümü; veri kaybı olabilir
C:\Users\Cengiz Han\Desktop\Project1\Project1\Project1\Shader.cpp(181,88): warning C4244: 'bağımsız değişken': 'GLuint' - 'GLfloat' dönüşümü; veri kaybı olabilir
C:\Users\Cengiz Han\Desktop\Project1\Project1\Project1\Shader.cpp(181,42): warning C4244: 'bağımsız değişken': 'GLuint' - 'GLfloat' dönüşümü; veri kaybı olabilir
C:\Users\Cengiz Han\Desktop\Project1\Project1\Project1\Shader.cpp(227,36): warning C4267: '=': 'size_t' - 'GLint' dönüşümü; veri kaybı olabilir
  ShadowMap.cpp
C:\Users\Cengiz Han\Desktop\Project1\Project1\Project1\Light.h(15,11): error C2143: sözdizimi hatası: ';' eksik ('*' öncesinde)
C:\Users\Cengiz Han\Desktop\Project1\Project1\Project1\Light.h(15,11): error C4430: tür belirticisi eksik - int varsayıldı. Not: C++ varsayılan int desteği içermez
C:\Users\Cengiz Han\Desktop\Project1\Project1\Project1\Light.h(15,28): error C2334: '{' öncesinde beklenmeyen belirteçler; görünen işlev gövdesi atlanıyor
C:\Users\Cengiz Han\Desktop\Project1\Project1\Project1\Light.h(24,11): error C2143: sözdizimi hatası: ';' eksik ('*' öncesinde)
C:\Users\Cengiz Han\Desktop\Project1\Project1\Project1\Light.h(24,11): error C4430: tür belirticisi eksik - int varsayıldı. Not: C++ varsayılan int desteği içermez
C:\Users\Cengiz Han\Desktop\Project1\Project1\Project1\Light.h(24,22): error C2238: ';' öncesinde beklenmeyen belirteçler
C:\Users\Cengiz Han\Desktop\Project1\Project1\Project1\ShadowMap.cpp(37,10): warning C4477: 'printf' : '%s' biçim dizesi 'char *' türü bir bağımsız değişken gerektirir, ancak 1 değişen sayıda bağımsız değişkenin türü 'GLenum'
C:\Users\Cengiz Han\Desktop\Project1\Project1\Project1\ShadowMap.cpp(37,10): warning C4313: 'printf': biçim dizesindeki '%s', 1 bağımsız değişkeniyle (türü 'GLenum') çakışıyor
  Texture.cpp
  Window.cpp
C:\Users\Cengiz Han\Desktop\Project1\Project1\Project1\Window.cpp(136,22): warning C4244: '=': 'double' - 'GLfloat' dönüşümü; veri kaybı olabilir
C:\Users\Cengiz Han\Desktop\Project1\Project1\Project1\Window.cpp(137,22): warning C4244: '=': 'double' - 'GLfloat' dönüşümü; veri kaybı olabilir
C:\Users\Cengiz Han\Desktop\Project1\Project1\Project1\Window.cpp(141,28): warning C4244: '=': 'double' - 'GLfloat' dönüşümü; veri kaybı olabilir
C:\Users\Cengiz Han\Desktop\Project1\Project1\Project1\Window.cpp(142,40): warning C4244: '=': 'double' - 'GLfloat' dönüşümü; veri kaybı olabilir
C:\Users\Cengiz Han\Desktop\Project1\Project1\Project1\Window.cpp(144,21): warning C4244: '=': 'double' - 'GLfloat' dönüşümü; veri kaybı olabilir
C:\Users\Cengiz Han\Desktop\Project1\Project1\Project1\Window.cpp(145,21): warning C4244: '=': 'double' - 'GLfloat' dönüşümü; veri kaybı olabilir
  Kod Üretiliyor...
C:\Users\Cengiz Han\Desktop\Project1\Project1\Project1\Window.cpp(86): warning C4715: 'Window::Initialise': tüm denetim yolları değer döndürmez
